<?xml version="1.0" encoding="UTF-8"?>
<testsuite name="io.swagger.petstore.CucumberRunner" time="4.371" tests="56" errors="0" skipped="0" failures="0">
  <properties>
[...]
</properties>
  <testcase name="Given I am in the pet store creating new pet data" classname="| 74 | 374 | Christian | Vulture, white-headed | http://dummyimage.com/163x100.png/cc0000/ffffff | 419 | Coatimundi white-nosed | active |" time="0.004"/>
  <testcase name="When I create new pet by providing the information id &quot;74&quot; idFirst &quot;374&quot; name &quot;Christian&quot; nameFirst &quot;Vulture, white-headed&quot; photoUrl&quot;http://dummyimage.com/163x100.png/cc0000/ffffff&quot;idsecond &quot;419&quot; namesecond &quot;Coatimundi white-nosed&quot; status&quot;active&quot;" classname="| 74 | 374 | Christian | Vulture, white-headed | http://dummyimage.com/163x100.png/cc0000/ffffff | 419 | Coatimundi white-nosed | active |" time="0.001"/>
  <testcase name="Then I verify that the pet with id &quot;74&quot; is created" classname="| 74 | 374 | Christian | Vulture, white-headed | http://dummyimage.com/163x100.png/cc0000/ffffff | 419 | Coatimundi white-nosed | active |" time="0"/>
  <testcase name="And I update the pet with information id &quot;74&quot; idFirst &quot;374&quot; name &quot;Christian&quot; nameFirst &quot;Vulture, white-headed&quot; photoUrl&quot;http://dummyimage.com/163x100.png/cc0000/ffffff&quot;idsecond &quot;419&quot; namesecond &quot;Coatimundi white-nosed&quot; status&quot;active&quot;" classname="| 74 | 374 | Christian | Vulture, white-headed | http://dummyimage.com/163x100.png/cc0000/ffffff | 419 | Coatimundi white-nosed | active |" time="0"/>
  <testcase name="And I verify the pet with id &quot;74&quot; is updated successfully" classname="| 74 | 374 | Christian | Vulture, white-headed | http://dummyimage.com/163x100.png/cc0000/ffffff | 419 | Coatimundi white-nosed | active |" time="0"/>
  <testcase name="And I delete the pet with id &quot;74&quot;" classname="| 74 | 374 | Christian | Vulture, white-headed | http://dummyimage.com/163x100.png/cc0000/ffffff | 419 | Coatimundi white-nosed | active |" time="0"/>
  <testcase name="Then the pet is deleted successfully from the application" classname="| 74 | 374 | Christian | Vulture, white-headed | http://dummyimage.com/163x100.png/cc0000/ffffff | 419 | Coatimundi white-nosed | active |" time="0"/>
  <testcase name="| 74 | 374 | Christian | Vulture, white-headed | http://dummyimage.com/163x100.png/cc0000/ffffff | 419 | Coatimundi white-nosed | active |" classname="| 74 | 374 | Christian | Vulture, white-headed | http://dummyimage.com/163x100.png/cc0000/ffffff | 419 | Coatimundi white-nosed | active |" time="0.009"/>
  <testcase name="Given I am in the pet store creating new pet data" classname="| 711 | 139 | Nelson | Hawk red-tailed | http://dummyimage.com/108x100.png/5fa2dd/ffffff | 507 | Tokay gecko | available |" time="0"/>
  <testcase name="When I create new pet by providing the information id &quot;711&quot; idFirst &quot;139&quot; name &quot;Nelson&quot; nameFirst &quot;Hawk red-tailed&quot; photoUrl&quot;http://dummyimage.com/108x100.png/5fa2dd/ffffff&quot;idsecond &quot;507&quot; namesecond &quot;Tokay gecko&quot; status&quot;available&quot;" classname="| 711 | 139 | Nelson | Hawk red-tailed | http://dummyimage.com/108x100.png/5fa2dd/ffffff | 507 | Tokay gecko | available |" time="0"/>
  <testcase name="Then I verify that the pet with id &quot;711&quot; is created" classname="| 711 | 139 | Nelson | Hawk red-tailed | http://dummyimage.com/108x100.png/5fa2dd/ffffff | 507 | Tokay gecko | available |" time="0"/>
  <testcase name="And I update the pet with information id &quot;711&quot; idFirst &quot;139&quot; name &quot;Nelson&quot; nameFirst &quot;Hawk red-tailed&quot; photoUrl&quot;http://dummyimage.com/108x100.png/5fa2dd/ffffff&quot;idsecond &quot;507&quot; namesecond &quot;Tokay gecko&quot; status&quot;available&quot;" classname="| 711 | 139 | Nelson | Hawk red-tailed | http://dummyimage.com/108x100.png/5fa2dd/ffffff | 507 | Tokay gecko | available |" time="0"/>
  <testcase name="And I verify the pet with id &quot;711&quot; is updated successfully" classname="| 711 | 139 | Nelson | Hawk red-tailed | http://dummyimage.com/108x100.png/5fa2dd/ffffff | 507 | Tokay gecko | available |" time="0"/>
  <testcase name="And I delete the pet with id &quot;711&quot;" classname="| 711 | 139 | Nelson | Hawk red-tailed | http://dummyimage.com/108x100.png/5fa2dd/ffffff | 507 | Tokay gecko | available |" time="0"/>
  <testcase name="Then the pet is deleted successfully from the application" classname="| 711 | 139 | Nelson | Hawk red-tailed | http://dummyimage.com/108x100.png/5fa2dd/ffffff | 507 | Tokay gecko | available |" time="0"/>
  <testcase name="| 711 | 139 | Nelson | Hawk red-tailed | http://dummyimage.com/108x100.png/5fa2dd/ffffff | 507 | Tokay gecko | available |" classname="| 711 | 139 | Nelson | Hawk red-tailed | http://dummyimage.com/108x100.png/5fa2dd/ffffff | 507 | Tokay gecko | available |" time="1.906"/>
  <testcase name="Given I am in the pet store creating new user data" classname="| 44 | mdiglin2 | Michelina | Diglin | mdiglin2@noaa.gov | d02QhHDnFoG5 | 2718615609 | 1 |" time="0"/>
  <testcase name="When I create new user by providing the information id &quot;44&quot; username &quot;mdiglin2&quot; firstName &quot;Michelina&quot; lastName &quot;Diglin&quot; email &quot;mdiglin2@noaa.gov&quot; password &quot;d02QhHDnFoG5&quot; phone &quot;2718615609&quot; userStatus &quot;1&quot;" classname="| 44 | mdiglin2 | Michelina | Diglin | mdiglin2@noaa.gov | d02QhHDnFoG5 | 2718615609 | 1 |" time="0"/>
  <testcase name="Then I verify that the user with username &quot;mdiglin2&quot; is created" classname="| 44 | mdiglin2 | Michelina | Diglin | mdiglin2@noaa.gov | d02QhHDnFoG5 | 2718615609 | 1 |" time="0"/>
  <testcase name="And I update the user with information id &quot;44&quot; username &quot;mdiglin2&quot; firstName &quot;Michelina&quot; lastName &quot;Diglin&quot; email &quot;mdiglin2@noaa.gov&quot; password &quot;d02QhHDnFoG5&quot; phone &quot;2718615609&quot; userStatus &quot;1&quot;" classname="| 44 | mdiglin2 | Michelina | Diglin | mdiglin2@noaa.gov | d02QhHDnFoG5 | 2718615609 | 1 |" time="0"/>
  <testcase name="And I verify the user with username &quot;mdiglin2&quot; is updated successfully" classname="| 44 | mdiglin2 | Michelina | Diglin | mdiglin2@noaa.gov | d02QhHDnFoG5 | 2718615609 | 1 |" time="0"/>
  <testcase name="And I delete the user with username &quot;mdiglin2&quot;" classname="| 44 | mdiglin2 | Michelina | Diglin | mdiglin2@noaa.gov | d02QhHDnFoG5 | 2718615609 | 1 |" time="0"/>
  <testcase name="Then the user with username &quot;mdiglin2&quot; is deleted successfully from the application" classname="| 44 | mdiglin2 | Michelina | Diglin | mdiglin2@noaa.gov | d02QhHDnFoG5 | 2718615609 | 1 |" time="0"/>
  <testcase name="| 44 | mdiglin2 | Michelina | Diglin | mdiglin2@noaa.gov | d02QhHDnFoG5 | 2718615609 | 1 |" classname="| 44 | mdiglin2 | Michelina | Diglin | mdiglin2@noaa.gov | d02QhHDnFoG5 | 2718615609 | 1 |" time="0.015"/>
  <testcase name="Given I am in the pet store creating new user data" classname="| 218 | rboltwood3 | Reggis | Boltwood | rboltwood3@artisteer.com | 0DgGIH | 5294466768 | 1 |" time="0"/>
  <testcase name="When I create new user by providing the information id &quot;218&quot; username &quot;rboltwood3&quot; firstName &quot;Reggis&quot; lastName &quot;Boltwood&quot; email &quot;rboltwood3@artisteer.com&quot; password &quot;0DgGIH&quot; phone &quot;5294466768&quot; userStatus &quot;1&quot;" classname="| 218 | rboltwood3 | Reggis | Boltwood | rboltwood3@artisteer.com | 0DgGIH | 5294466768 | 1 |" time="0"/>
  <testcase name="Then I verify that the user with username &quot;rboltwood3&quot; is created" classname="| 218 | rboltwood3 | Reggis | Boltwood | rboltwood3@artisteer.com | 0DgGIH | 5294466768 | 1 |" time="0"/>
  <testcase name="And I update the user with information id &quot;218&quot; username &quot;rboltwood3&quot; firstName &quot;Reggis&quot; lastName &quot;Boltwood&quot; email &quot;rboltwood3@artisteer.com&quot; password &quot;0DgGIH&quot; phone &quot;5294466768&quot; userStatus &quot;1&quot;" classname="| 218 | rboltwood3 | Reggis | Boltwood | rboltwood3@artisteer.com | 0DgGIH | 5294466768 | 1 |" time="0"/>
  <testcase name="And I verify the user with username &quot;rboltwood3&quot; is updated successfully" classname="| 218 | rboltwood3 | Reggis | Boltwood | rboltwood3@artisteer.com | 0DgGIH | 5294466768 | 1 |" time="0.001"/>
  <testcase name="And I delete the user with username &quot;rboltwood3&quot;" classname="| 218 | rboltwood3 | Reggis | Boltwood | rboltwood3@artisteer.com | 0DgGIH | 5294466768 | 1 |" time="0"/>
  <testcase name="Then the user with username &quot;rboltwood3&quot; is deleted successfully from the application" classname="| 218 | rboltwood3 | Reggis | Boltwood | rboltwood3@artisteer.com | 0DgGIH | 5294466768 | 1 |" time="0"/>
  <testcase name="| 218 | rboltwood3 | Reggis | Boltwood | rboltwood3@artisteer.com | 0DgGIH | 5294466768 | 1 |" classname="| 218 | rboltwood3 | Reggis | Boltwood | rboltwood3@artisteer.com | 0DgGIH | 5294466768 | 1 |" time="0.33"/>
  <testcase name="When I send a create request for pet" classname="Scenario: Check if the pet can be created by the user" time="0"/>
  <testcase name="Then I must get back a valid pet status code 200" classname="Scenario: Check if the pet can be created by the user" time="0"/>
  <testcase name="Scenario: Check if the pet can be created by the user" classname="Scenario: Check if the pet can be created by the user" time="0.259"/>
  <testcase name="When I send a get request for pet" classname="Scenario: Check if the pet can be accessed by the user" time="0"/>
  <testcase name="Then I must get back a valid pet status code 200" classname="Scenario: Check if the pet can be accessed by the user" time="0"/>
  <testcase name="Scenario: Check if the pet can be accessed by the user" classname="Scenario: Check if the pet can be accessed by the user" time="0.258"/>
  <testcase name="When I send an update request for pet" classname="Scenario: Check if the pet can be updated by the user" time="0"/>
  <testcase name="Then I must get back a valid pet status code 200" classname="Scenario: Check if the pet can be updated by the user" time="0"/>
  <testcase name="Scenario: Check if the pet can be updated by the user" classname="Scenario: Check if the pet can be updated by the user" time="0.299"/>
  <testcase name="When I send a delete request for pet" classname="Scenario: Check if the pet can be deleted by the user" time="0.003"/>
  <testcase name="Then I must get back a valid pet status code 200" classname="Scenario: Check if the pet can be deleted by the user" time="0.022"/>
  <testcase name="Scenario: Check if the pet can be deleted by the user" classname="Scenario: Check if the pet can be deleted by the user" time="0.413"/>
  <testcase name="When I send a create request for user" classname="Scenario: Check if the user account can be created by the user" time="0"/>
  <testcase name="Then I must get back a valid user status code 200" classname="Scenario: Check if the user account can be created by the user" time="0"/>
  <testcase name="Scenario: Check if the user account can be created by the user" classname="Scenario: Check if the user account can be created by the user" time="0.337"/>
  <testcase name="When I send a get request for user" classname="Scenario: Check if the user account can be accessed by the user" time="0"/>
  <testcase name="Then I must get back a valid user status code 200" classname="Scenario: Check if the user account can be accessed by the user" time="0"/>
  <testcase name="Scenario: Check if the user account can be accessed by the user" classname="Scenario: Check if the user account can be accessed by the user" time="0.19"/>
  <testcase name="When I send an update request for user" classname="Scenario: Check if the user account can be updated by the user" time="0"/>
  <testcase name="Then I must get back a valid user status code 200" classname="Scenario: Check if the user account can be updated by the user" time="0"/>
  <testcase name="Scenario: Check if the user account can be updated by the user" classname="Scenario: Check if the user account can be updated by the user" time="0.19"/>
  <testcase name="When I send a delete request for user" classname="Scenario: Check if the user account can be deleted by the user" time="0"/>
  <testcase name="Then I must get back a valid user status code 200" classname="Scenario: Check if the user account can be deleted by the user" time="0"/>
  <testcase name="Scenario: Check if the user account can be deleted by the user" classname="Scenario: Check if the user account can be deleted by the user" time="0.134"/>
</testsuite>