<?xml version="1.0" encoding="UTF-8"?><testsuite errors="0" failures="0" name="io.swagger.petstore.testsuite.TagWithPetRunner" skipped="0" tests="3" time="1.64" timestamp="2023-01-10T18:31:19.774Z[Europe/London]"><testcase classname="io.swagger.petstore.testsuite.TagWithPetRunner" name="Provide a 415 status code when incorrect HTTP method is used to access a resource"/><testcase classname="io.swagger.petstore.testsuite.TagWithPetRunner" name="Verifies whether a status code of 405 is returned for GET method"/><testcase classname="io.swagger.petstore.testsuite.TagWithPetRunner" name="Provides an error code of 404 when user accesses an invalid resource"/></testsuite>