<?xml version="1.0" encoding="UTF-8"?><testsuite errors="0" failures="0" name="io.swagger.petstore.testsuite.TagWithUserRunner" skipped="0" tests="3" time="1.55" timestamp="2023-01-10T18:31:21.498Z[Europe/London]"><testcase classname="io.swagger.petstore.testsuite.TagWithUserRunner" name="Provide a 405 status code when incorrect HTTP method is used to access resource"/><testcase classname="io.swagger.petstore.testsuite.TagWithUserRunner" name="This test will verify if a status code of 405 is returned for GET request"/><testcase classname="io.swagger.petstore.testsuite.TagWithUserRunner" name="This test will provide an error code of 404 when user tries to access an invalid resource"/></testsuite>