<?xml version="1.0" encoding="UTF-8"?><testsuite errors="0" failures="0" name="Testing different request on the petstore" skipped="0" tests="8" time="4.43" timestamp="2023-01-10T18:31:10.816Z[Europe/London]"><testcase name="Check if the pet can be created by the user"/><testcase name="Check if the pet can be accessed by the user"/><testcase name="Check if the pet can be updated by the user"/><testcase name="Check if the pet can be deleted by the user"/><testcase name="Check if the user account can be created by the user"/><testcase name="Check if the user account can be accessed by the user"/><testcase name="Check if the user account can be updated by the user"/><testcase name="Check if the user account can be deleted by the user"/></testsuite>